[INFO] Scanning for projects...
[INFO] 
[INFO] --------------------< com.flatmanager:flat-manager >--------------------
[INFO] Building Flat Manager 1.0-SNAPSHOT
[INFO]   from pom.xml
[INFO] --------------------------------[ jar ]---------------------------------
[WARNING] 6 problems were encountered while building the effective model for org.openjfx:javafx-controls:jar:21.0.1 during dependency collection step for project (use -X to see details)
[INFO] 
[INFO] --- jacoco:0.8.10:prepare-agent (prepare-agent) @ flat-manager ---
[INFO] argLine set to -javaagent:/Users/I740819/.m2/repository/org/jacoco/org.jacoco.agent/0.8.10/org.jacoco.agent-0.8.10-runtime.jar=destfile=/Users/I740819/Documents/GitHub/softwareengineering_gruppe3/target/jacoco.exec
[INFO] 
[INFO] --- resources:3.3.1:resources (default-resources) @ flat-manager ---
[INFO] Copying 9 resources from src/main/resources to target/classes
[INFO] 
[INFO] --- compiler:3.11.0:compile (default-compile) @ flat-manager ---
[INFO] Nothing to compile - all classes are up to date
[INFO] 
[INFO] --- resources:3.3.1:testResources (default-testResources) @ flat-manager ---
[INFO] skip non existing resourceDirectory /Users/I740819/Documents/GitHub/softwareengineering_gruppe3/src/test/resources
[INFO] 
[INFO] --- compiler:3.11.0:testCompile (default-testCompile) @ flat-manager ---
[INFO] Nothing to compile - all classes are up to date
[INFO] 
[INFO] --- surefire:3.2.2:test (default-test) @ flat-manager ---
[INFO] Using auto detected provider org.apache.maven.surefire.junitplatform.JUnitPlatformProvider
[INFO] 
[INFO] -------------------------------------------------------
[INFO]  T E S T S
[INFO] -------------------------------------------------------
[INFO] Running com.flatmanager.database.DatabaseManagerTest
[DatabaseManager] createConnection called -> url=jdbc:sqlite:flatmanager.db
	 at com.flatmanager@1.0-SNAPSHOT/com.flatmanager.database.DatabaseManager.getConnection(DatabaseManager.java:19)
	 at com.flatmanager@1.0-SNAPSHOT/com.flatmanager.database.DatabaseManagerTest.testGetConnection(DatabaseManagerTest.java:13)
	 at java.base/jdk.internal.reflect.NativeMethodAccessorImpl.invoke0(Native Method)
	 at java.base/jdk.internal.reflect.NativeMethodAccessorImpl.invoke(NativeMethodAccessorImpl.java:77)
	 at java.base/jdk.internal.reflect.DelegatingMethodAccessorImpl.invoke(DelegatingMethodAccessorImpl.java:43)
	 at java.base/java.lang.reflect.Method.invoke(Method.java:569)
SLF4J: Failed to load class "org.slf4j.impl.StaticLoggerBinder".
SLF4J: Defaulting to no-operation (NOP) logger implementation
SLF4J: See http://www.slf4j.org/codes.html#StaticLoggerBinder for further details.
[DatabaseManager] PRAGMAS applied (journal_mode=DELETE)
[DatabaseManager] ensureSchema executed / migrations applied
[DatabaseManager] Connected -> url=jdbc:sqlite:flatmanager.db / conn=org.sqlite.jdbc4.JDBC4Connection@659925f4
[INFO] Tests run: 2, Failures: 0, Errors: 0, Skipped: 0, Time elapsed: 0.729 s -- in com.flatmanager.database.DatabaseManagerTest
[INFO] Running com.flatmanager.dao.CleaningTaskDaoTest
[DatabaseManager] Connection closed
[DatabaseManager] createConnection called -> url=jdbc:sqlite:/Users/I740819/Documents/GitHub/softwareengineering_gruppe3/target/cleaning_test.db
	 at com.flatmanager@1.0-SNAPSHOT/com.flatmanager.database.DatabaseManager.getConnection(DatabaseManager.java:19)
	 at com.flatmanager@1.0-SNAPSHOT/com.flatmanager.storage.Database.getConnection(Database.java:14)
	 at com.flatmanager@1.0-SNAPSHOT/com.flatmanager.dao.CleaningTaskDao.init(CleaningTaskDao.java:15)
	 at com.flatmanager@1.0-SNAPSHOT/com.flatmanager.dao.CleaningTaskDaoTest.before(CleaningTaskDaoTest.java:27)
	 at java.base/jdk.internal.reflect.NativeMethodAccessorImpl.invoke0(Native Method)
	 at java.base/jdk.internal.reflect.NativeMethodAccessorImpl.invoke(NativeMethodAccessorImpl.java:77)
[DatabaseManager] PRAGMAS applied (journal_mode=DELETE)
[DatabaseManager] ensureSchema executed / migrations applied
[DatabaseManager] Connected -> url=jdbc:sqlite:/Users/I740819/Documents/GitHub/softwareengineering_gruppe3/target/cleaning_test.db / conn=org.sqlite.jdbc4.JDBC4Connection@4632cfc
[DatabaseManager] createConnection called -> url=jdbc:sqlite:/Users/I740819/Documents/GitHub/softwareengineering_gruppe3/target/cleaning_test.db
	 at com.flatmanager@1.0-SNAPSHOT/com.flatmanager.database.DatabaseManager.getConnection(DatabaseManager.java:19)
	 at com.flatmanager@1.0-SNAPSHOT/com.flatmanager.storage.Database.getConnection(Database.java:14)
	 at com.flatmanager@1.0-SNAPSHOT/com.flatmanager.dao.CleaningTaskDao.insert(CleaningTaskDao.java:55)
	 at com.flatmanager@1.0-SNAPSHOT/com.flatmanager.dao.CleaningTaskDaoTest.testOrderingByDue(CleaningTaskDaoTest.java:75)
	 at java.base/jdk.internal.reflect.NativeMethodAccessorImpl.invoke0(Native Method)
	 at java.base/jdk.internal.reflect.NativeMethodAccessorImpl.invoke(NativeMethodAccessorImpl.java:77)
[DatabaseManager] PRAGMAS already applied
[DatabaseManager] ensureSchema executed / migrations applied
[DatabaseManager] Connected -> url=jdbc:sqlite:/Users/I740819/Documents/GitHub/softwareengineering_gruppe3/target/cleaning_test.db / conn=org.sqlite.jdbc4.JDBC4Connection@652ab8d9
[DatabaseManager] createConnection called -> url=jdbc:sqlite:/Users/I740819/Documents/GitHub/softwareengineering_gruppe3/target/cleaning_test.db
	 at com.flatmanager@1.0-SNAPSHOT/com.flatmanager.database.DatabaseManager.getConnection(DatabaseManager.java:19)
	 at com.flatmanager@1.0-SNAPSHOT/com.flatmanager.storage.Database.getConnection(Database.java:14)
	 at com.flatmanager@1.0-SNAPSHOT/com.flatmanager.dao.CleaningTaskDao.insert(CleaningTaskDao.java:55)
	 at com.flatmanager@1.0-SNAPSHOT/com.flatmanager.dao.CleaningTaskDaoTest.testOrderingByDue(CleaningTaskDaoTest.java:76)
	 at java.base/jdk.internal.reflect.NativeMethodAccessorImpl.invoke0(Native Method)
	 at java.base/jdk.internal.reflect.NativeMethodAccessorImpl.invoke(NativeMethodAccessorImpl.java:77)
[DatabaseManager] PRAGMAS already applied
[DatabaseManager] ensureSchema executed / migrations applied
[DatabaseManager] Connected -> url=jdbc:sqlite:/Users/I740819/Documents/GitHub/softwareengineering_gruppe3/target/cleaning_test.db / conn=org.sqlite.jdbc4.JDBC4Connection@3afae281
[DatabaseManager] createConnection called -> url=jdbc:sqlite:/Users/I740819/Documents/GitHub/softwareengineering_gruppe3/target/cleaning_test.db
	 at com.flatmanager@1.0-SNAPSHOT/com.flatmanager.database.DatabaseManager.getConnection(DatabaseManager.java:19)
	 at com.flatmanager@1.0-SNAPSHOT/com.flatmanager.storage.Database.getConnection(Database.java:14)
	 at com.flatmanager@1.0-SNAPSHOT/com.flatmanager.dao.CleaningTaskDao.insert(CleaningTaskDao.java:55)
	 at com.flatmanager@1.0-SNAPSHOT/com.flatmanager.dao.CleaningTaskDaoTest.testOrderingByDue(CleaningTaskDaoTest.java:77)
	 at java.base/jdk.internal.reflect.NativeMethodAccessorImpl.invoke0(Native Method)
	 at java.base/jdk.internal.reflect.NativeMethodAccessorImpl.invoke(NativeMethodAccessorImpl.java:77)
[DatabaseManager] PRAGMAS already applied
[DatabaseManager] ensureSchema executed / migrations applied
[DatabaseManager] Connected -> url=jdbc:sqlite:/Users/I740819/Documents/GitHub/softwareengineering_gruppe3/target/cleaning_test.db / conn=org.sqlite.jdbc4.JDBC4Connection@26ae880a
[DatabaseManager] createConnection called -> url=jdbc:sqlite:/Users/I740819/Documents/GitHub/softwareengineering_gruppe3/target/cleaning_test.db
	 at com.flatmanager@1.0-SNAPSHOT/com.flatmanager.database.DatabaseManager.getConnection(DatabaseManager.java:19)
	 at com.flatmanager@1.0-SNAPSHOT/com.flatmanager.storage.Database.getConnection(Database.java:14)
	 at com.flatmanager@1.0-SNAPSHOT/com.flatmanager.dao.CleaningTaskDao.listAll(CleaningTaskDao.java:31)
	 at com.flatmanager@1.0-SNAPSHOT/com.flatmanager.dao.CleaningTaskDaoTest.testOrderingByDue(CleaningTaskDaoTest.java:79)
	 at java.base/jdk.internal.reflect.NativeMethodAccessorImpl.invoke0(Native Method)
	 at java.base/jdk.internal.reflect.NativeMethodAccessorImpl.invoke(NativeMethodAccessorImpl.java:77)
[DatabaseManager] PRAGMAS already applied
[DatabaseManager] ensureSchema executed / migrations applied
[DatabaseManager] Connected -> url=jdbc:sqlite:/Users/I740819/Documents/GitHub/softwareengineering_gruppe3/target/cleaning_test.db / conn=org.sqlite.jdbc4.JDBC4Connection@260f2144
[DatabaseManager] Connection closed
[DatabaseManager] createConnection called -> url=jdbc:sqlite:/Users/I740819/Documents/GitHub/softwareengineering_gruppe3/target/cleaning_test.db
	 at com.flatmanager@1.0-SNAPSHOT/com.flatmanager.database.DatabaseManager.getConnection(DatabaseManager.java:19)
	 at com.flatmanager@1.0-SNAPSHOT/com.flatmanager.storage.Database.getConnection(Database.java:14)
	 at com.flatmanager@1.0-SNAPSHOT/com.flatmanager.dao.CleaningTaskDao.init(CleaningTaskDao.java:15)
	 at com.flatmanager@1.0-SNAPSHOT/com.flatmanager.dao.CleaningTaskDaoTest.before(CleaningTaskDaoTest.java:27)
	 at java.base/jdk.internal.reflect.NativeMethodAccessorImpl.invoke0(Native Method)
	 at java.base/jdk.internal.reflect.NativeMethodAccessorImpl.invoke(NativeMethodAccessorImpl.java:77)
[DatabaseManager] PRAGMAS applied (journal_mode=DELETE)
[DatabaseManager] ensureSchema executed / migrations applied
[DatabaseManager] Connected -> url=jdbc:sqlite:/Users/I740819/Documents/GitHub/softwareengineering_gruppe3/target/cleaning_test.db / conn=org.sqlite.jdbc4.JDBC4Connection@515ebef3
[DatabaseManager] createConnection called -> url=jdbc:sqlite:/Users/I740819/Documents/GitHub/softwareengineering_gruppe3/target/cleaning_test.db
	 at com.flatmanager@1.0-SNAPSHOT/com.flatmanager.database.DatabaseManager.getConnection(DatabaseManager.java:19)
	 at com.flatmanager@1.0-SNAPSHOT/com.flatmanager.storage.Database.getConnection(Database.java:14)
	 at com.flatmanager@1.0-SNAPSHOT/com.flatmanager.dao.CleaningTaskDao.insert(CleaningTaskDao.java:55)
	 at com.flatmanager@1.0-SNAPSHOT/com.flatmanager.dao.CleaningTaskDaoTest.testInsertAndListAll(CleaningTaskDaoTest.java:39)
	 at java.base/jdk.internal.reflect.NativeMethodAccessorImpl.invoke0(Native Method)
	 at java.base/jdk.internal.reflect.NativeMethodAccessorImpl.invoke(NativeMethodAccessorImpl.java:77)
[DatabaseManager] PRAGMAS already applied
[DatabaseManager] ensureSchema executed / migrations applied
[DatabaseManager] Connected -> url=jdbc:sqlite:/Users/I740819/Documents/GitHub/softwareengineering_gruppe3/target/cleaning_test.db / conn=org.sqlite.jdbc4.JDBC4Connection@545607f2
[DatabaseManager] createConnection called -> url=jdbc:sqlite:/Users/I740819/Documents/GitHub/softwareengineering_gruppe3/target/cleaning_test.db
	 at com.flatmanager@1.0-SNAPSHOT/com.flatmanager.database.DatabaseManager.getConnection(DatabaseManager.java:19)
	 at com.flatmanager@1.0-SNAPSHOT/com.flatmanager.storage.Database.getConnection(Database.java:14)
	 at com.flatmanager@1.0-SNAPSHOT/com.flatmanager.dao.CleaningTaskDao.listAll(CleaningTaskDao.java:31)
	 at com.flatmanager@1.0-SNAPSHOT/com.flatmanager.dao.CleaningTaskDaoTest.testInsertAndListAll(CleaningTaskDaoTest.java:42)
	 at java.base/jdk.internal.reflect.NativeMethodAccessorImpl.invoke0(Native Method)
	 at java.base/jdk.internal.reflect.NativeMethodAccessorImpl.invoke(NativeMethodAccessorImpl.java:77)
[DatabaseManager] PRAGMAS already applied
[DatabaseManager] ensureSchema executed / migrations applied
[DatabaseManager] Connected -> url=jdbc:sqlite:/Users/I740819/Documents/GitHub/softwareengineering_gruppe3/target/cleaning_test.db / conn=org.sqlite.jdbc4.JDBC4Connection@39109136
[DatabaseManager] Connection closed
[DatabaseManager] createConnection called -> url=jdbc:sqlite:/Users/I740819/Documents/GitHub/softwareengineering_gruppe3/target/cleaning_test.db
	 at com.flatmanager@1.0-SNAPSHOT/com.flatmanager.database.DatabaseManager.getConnection(DatabaseManager.java:19)
	 at com.flatmanager@1.0-SNAPSHOT/com.flatmanager.storage.Database.getConnection(Database.java:14)
	 at com.flatmanager@1.0-SNAPSHOT/com.flatmanager.dao.CleaningTaskDao.init(CleaningTaskDao.java:15)
	 at com.flatmanager@1.0-SNAPSHOT/com.flatmanager.dao.CleaningTaskDaoTest.before(CleaningTaskDaoTest.java:27)
	 at java.base/jdk.internal.reflect.NativeMethodAccessorImpl.invoke0(Native Method)
	 at java.base/jdk.internal.reflect.NativeMethodAccessorImpl.invoke(NativeMethodAccessorImpl.java:77)
[DatabaseManager] PRAGMAS applied (journal_mode=DELETE)
[DatabaseManager] ensureSchema executed / migrations applied
[DatabaseManager] Connected -> url=jdbc:sqlite:/Users/I740819/Documents/GitHub/softwareengineering_gruppe3/target/cleaning_test.db / conn=org.sqlite.jdbc4.JDBC4Connection@5a6482a9
[DatabaseManager] createConnection called -> url=jdbc:sqlite:/Users/I740819/Documents/GitHub/softwareengineering_gruppe3/target/cleaning_test.db
	 at com.flatmanager@1.0-SNAPSHOT/com.flatmanager.database.DatabaseManager.getConnection(DatabaseManager.java:19)
	 at com.flatmanager@1.0-SNAPSHOT/com.flatmanager.storage.Database.getConnection(Database.java:14)
	 at com.flatmanager@1.0-SNAPSHOT/com.flatmanager.dao.CleaningTaskDao.insert(CleaningTaskDao.java:55)
	 at com.flatmanager@1.0-SNAPSHOT/com.flatmanager.dao.CleaningTaskDaoTest.testUpdateAndDeleteCompleted(CleaningTaskDaoTest.java:54)
	 at java.base/jdk.internal.reflect.NativeMethodAccessorImpl.invoke0(Native Method)
	 at java.base/jdk.internal.reflect.NativeMethodAccessorImpl.invoke(NativeMethodAccessorImpl.java:77)
[DatabaseManager] PRAGMAS already applied
[DatabaseManager] ensureSchema executed / migrations applied
[DatabaseManager] Connected -> url=jdbc:sqlite:/Users/I740819/Documents/GitHub/softwareengineering_gruppe3/target/cleaning_test.db / conn=org.sqlite.jdbc4.JDBC4Connection@7f9ab969
[DatabaseManager] createConnection called -> url=jdbc:sqlite:/Users/I740819/Documents/GitHub/softwareengineering_gruppe3/target/cleaning_test.db
	 at com.flatmanager@1.0-SNAPSHOT/com.flatmanager.database.DatabaseManager.getConnection(DatabaseManager.java:19)
	 at com.flatmanager@1.0-SNAPSHOT/com.flatmanager.storage.Database.getConnection(Database.java:14)
	 at com.flatmanager@1.0-SNAPSHOT/com.flatmanager.dao.CleaningTaskDao.update(CleaningTaskDao.java:89)
	 at com.flatmanager@1.0-SNAPSHOT/com.flatmanager.dao.CleaningTaskDaoTest.testUpdateAndDeleteCompleted(CleaningTaskDaoTest.java:58)
	 at java.base/jdk.internal.reflect.NativeMethodAccessorImpl.invoke0(Native Method)
	 at java.base/jdk.internal.reflect.NativeMethodAccessorImpl.invoke(NativeMethodAccessorImpl.java:77)
[DatabaseManager] PRAGMAS already applied
[DatabaseManager] ensureSchema executed / migrations applied
[DatabaseManager] Connected -> url=jdbc:sqlite:/Users/I740819/Documents/GitHub/softwareengineering_gruppe3/target/cleaning_test.db / conn=org.sqlite.jdbc4.JDBC4Connection@12f8b1d8
[DatabaseManager] createConnection called -> url=jdbc:sqlite:/Users/I740819/Documents/GitHub/softwareengineering_gruppe3/target/cleaning_test.db
	 at com.flatmanager@1.0-SNAPSHOT/com.flatmanager.database.DatabaseManager.getConnection(DatabaseManager.java:19)
	 at com.flatmanager@1.0-SNAPSHOT/com.flatmanager.storage.Database.getConnection(Database.java:14)
	 at com.flatmanager@1.0-SNAPSHOT/com.flatmanager.dao.CleaningTaskDao.listAll(CleaningTaskDao.java:31)
	 at com.flatmanager@1.0-SNAPSHOT/com.flatmanager.dao.CleaningTaskDaoTest.testUpdateAndDeleteCompleted(CleaningTaskDaoTest.java:60)
	 at java.base/jdk.internal.reflect.NativeMethodAccessorImpl.invoke0(Native Method)
	 at java.base/jdk.internal.reflect.NativeMethodAccessorImpl.invoke(NativeMethodAccessorImpl.java:77)
[DatabaseManager] PRAGMAS already applied
[DatabaseManager] ensureSchema executed / migrations applied
[DatabaseManager] Connected -> url=jdbc:sqlite:/Users/I740819/Documents/GitHub/softwareengineering_gruppe3/target/cleaning_test.db / conn=org.sqlite.jdbc4.JDBC4Connection@746cd757
[DatabaseManager] createConnection called -> url=jdbc:sqlite:/Users/I740819/Documents/GitHub/softwareengineering_gruppe3/target/cleaning_test.db
	 at com.flatmanager@1.0-SNAPSHOT/com.flatmanager.database.DatabaseManager.getConnection(DatabaseManager.java:19)
	 at com.flatmanager@1.0-SNAPSHOT/com.flatmanager.storage.Database.getConnection(Database.java:14)
	 at com.flatmanager@1.0-SNAPSHOT/com.flatmanager.dao.CleaningTaskDao.deleteCompleted(CleaningTaskDao.java:104)
	 at com.flatmanager@1.0-SNAPSHOT/com.flatmanager.dao.CleaningTaskDaoTest.testUpdateAndDeleteCompleted(CleaningTaskDaoTest.java:65)
	 at java.base/jdk.internal.reflect.NativeMethodAccessorImpl.invoke0(Native Method)
	 at java.base/jdk.internal.reflect.NativeMethodAccessorImpl.invoke(NativeMethodAccessorImpl.java:77)
[DatabaseManager] PRAGMAS already applied
[DatabaseManager] ensureSchema executed / migrations applied
[DatabaseManager] Connected -> url=jdbc:sqlite:/Users/I740819/Documents/GitHub/softwareengineering_gruppe3/target/cleaning_test.db / conn=org.sqlite.jdbc4.JDBC4Connection@2098d37d
[DatabaseManager] createConnection called -> url=jdbc:sqlite:/Users/I740819/Documents/GitHub/softwareengineering_gruppe3/target/cleaning_test.db
	 at com.flatmanager@1.0-SNAPSHOT/com.flatmanager.database.DatabaseManager.getConnection(DatabaseManager.java:19)
	 at com.flatmanager@1.0-SNAPSHOT/com.flatmanager.storage.Database.getConnection(Database.java:14)
	 at com.flatmanager@1.0-SNAPSHOT/com.flatmanager.dao.CleaningTaskDao.listAll(CleaningTaskDao.java:31)
	 at com.flatmanager@1.0-SNAPSHOT/com.flatmanager.dao.CleaningTaskDaoTest.testUpdateAndDeleteCompleted(CleaningTaskDaoTest.java:66)
	 at java.base/jdk.internal.reflect.NativeMethodAccessorImpl.invoke0(Native Method)
	 at java.base/jdk.internal.reflect.NativeMethodAccessorImpl.invoke(NativeMethodAccessorImpl.java:77)
[DatabaseManager] PRAGMAS already applied
[DatabaseManager] ensureSchema executed / migrations applied
[DatabaseManager] Connected -> url=jdbc:sqlite:/Users/I740819/Documents/GitHub/softwareengineering_gruppe3/target/cleaning_test.db / conn=org.sqlite.jdbc4.JDBC4Connection@77b9d0c7
[DatabaseManager] Connection closed
[INFO] Tests run: 3, Failures: 0, Errors: 0, Skipped: 0, Time elapsed: 0.078 s -- in com.flatmanager.dao.CleaningTaskDaoTest
[INFO] Running com.flatmanager.dao.ShoppingItemDaoTest
[DatabaseManager] createConnection called -> url=jdbc:sqlite:file:memdb1?mode=memory&cache=shared
	 at com.flatmanager@1.0-SNAPSHOT/com.flatmanager.database.DatabaseManager.getConnection(DatabaseManager.java:19)
	 at com.flatmanager@1.0-SNAPSHOT/com.flatmanager.dao.ShoppingItemDaoTest.before(ShoppingItemDaoTest.java:28)
	 at java.base/jdk.internal.reflect.NativeMethodAccessorImpl.invoke0(Native Method)
	 at java.base/jdk.internal.reflect.NativeMethodAccessorImpl.invoke(NativeMethodAccessorImpl.java:77)
	 at java.base/jdk.internal.reflect.DelegatingMethodAccessorImpl.invoke(DelegatingMethodAccessorImpl.java:43)
	 at java.base/java.lang.reflect.Method.invoke(Method.java:569)
[DatabaseManager] PRAGMAS applied (journal_mode=DELETE)
[DatabaseManager] ensureSchema executed / migrations applied
[DatabaseManager] Connected -> url=jdbc:sqlite:file:memdb1?mode=memory&cache=shared / conn=org.sqlite.jdbc4.JDBC4Connection@6a0ac48e
[DatabaseManager] Connection closed
[DatabaseManager] createConnection called -> url=jdbc:sqlite:file:memdb1?mode=memory&cache=shared
	 at com.flatmanager@1.0-SNAPSHOT/com.flatmanager.database.DatabaseManager.getConnection(DatabaseManager.java:19)
	 at com.flatmanager@1.0-SNAPSHOT/com.flatmanager.dao.ShoppingItemDaoTest.before(ShoppingItemDaoTest.java:28)
	 at java.base/jdk.internal.reflect.NativeMethodAccessorImpl.invoke0(Native Method)
	 at java.base/jdk.internal.reflect.NativeMethodAccessorImpl.invoke(NativeMethodAccessorImpl.java:77)
	 at java.base/jdk.internal.reflect.DelegatingMethodAccessorImpl.invoke(DelegatingMethodAccessorImpl.java:43)
	 at java.base/java.lang.reflect.Method.invoke(Method.java:569)
[DatabaseManager] PRAGMAS applied (journal_mode=DELETE)
[DatabaseManager] ensureSchema executed / migrations applied
[DatabaseManager] Connected -> url=jdbc:sqlite:file:memdb1?mode=memory&cache=shared / conn=org.sqlite.jdbc4.JDBC4Connection@65f58c6e
[DatabaseManager] Connection closed
[DatabaseManager] createConnection called -> url=jdbc:sqlite:file:memdb1?mode=memory&cache=shared
	 at com.flatmanager@1.0-SNAPSHOT/com.flatmanager.database.DatabaseManager.getConnection(DatabaseManager.java:19)
	 at com.flatmanager@1.0-SNAPSHOT/com.flatmanager.dao.ShoppingItemDaoTest.before(ShoppingItemDaoTest.java:28)
	 at java.base/jdk.internal.reflect.NativeMethodAccessorImpl.invoke0(Native Method)
	 at java.base/jdk.internal.reflect.NativeMethodAccessorImpl.invoke(NativeMethodAccessorImpl.java:77)
	 at java.base/jdk.internal.reflect.DelegatingMethodAccessorImpl.invoke(DelegatingMethodAccessorImpl.java:43)
	 at java.base/java.lang.reflect.Method.invoke(Method.java:569)
[DatabaseManager] PRAGMAS applied (journal_mode=DELETE)
[DatabaseManager] ensureSchema executed / migrations applied
[DatabaseManager] Connected -> url=jdbc:sqlite:file:memdb1?mode=memory&cache=shared / conn=org.sqlite.jdbc4.JDBC4Connection@4ba380c7
[DatabaseManager] Connection closed
[DatabaseManager] createConnection called -> url=jdbc:sqlite:file:memdb1?mode=memory&cache=shared
	 at com.flatmanager@1.0-SNAPSHOT/com.flatmanager.database.DatabaseManager.getConnection(DatabaseManager.java:19)
	 at com.flatmanager@1.0-SNAPSHOT/com.flatmanager.dao.ShoppingItemDaoTest.before(ShoppingItemDaoTest.java:28)
	 at java.base/jdk.internal.reflect.NativeMethodAccessorImpl.invoke0(Native Method)
	 at java.base/jdk.internal.reflect.NativeMethodAccessorImpl.invoke(NativeMethodAccessorImpl.java:77)
	 at java.base/jdk.internal.reflect.DelegatingMethodAccessorImpl.invoke(DelegatingMethodAccessorImpl.java:43)
	 at java.base/java.lang.reflect.Method.invoke(Method.java:569)
[DatabaseManager] PRAGMAS applied (journal_mode=DELETE)
[DatabaseManager] ensureSchema executed / migrations applied
[DatabaseManager] Connected -> url=jdbc:sqlite:file:memdb1?mode=memory&cache=shared / conn=org.sqlite.jdbc4.JDBC4Connection@31133b6e
[DatabaseManager] Connection closed
[DatabaseManager] createConnection called -> url=jdbc:sqlite:file:memdb1?mode=memory&cache=shared
	 at com.flatmanager@1.0-SNAPSHOT/com.flatmanager.database.DatabaseManager.getConnection(DatabaseManager.java:19)
	 at com.flatmanager@1.0-SNAPSHOT/com.flatmanager.dao.ShoppingItemDaoTest.before(ShoppingItemDaoTest.java:28)
	 at java.base/jdk.internal.reflect.NativeMethodAccessorImpl.invoke0(Native Method)
	 at java.base/jdk.internal.reflect.NativeMethodAccessorImpl.invoke(NativeMethodAccessorImpl.java:77)
	 at java.base/jdk.internal.reflect.DelegatingMethodAccessorImpl.invoke(DelegatingMethodAccessorImpl.java:43)
	 at java.base/java.lang.reflect.Method.invoke(Method.java:569)
[DatabaseManager] PRAGMAS applied (journal_mode=DELETE)
[DatabaseManager] ensureSchema executed / migrations applied
[DatabaseManager] Connected -> url=jdbc:sqlite:file:memdb1?mode=memory&cache=shared / conn=org.sqlite.jdbc4.JDBC4Connection@29528a22
[ShoppingItemDao] UPDATE SQL: UPDATE shopping_items SET item_name = ?, quantity = ?, added_by = ?, category = ?, purchased_for = ?, purchased = ?, bought = ? WHERE id = ?
[ShoppingItemDao] params: itemName=Bread, quantity=2, addedBy=u2, category=Bakery, purchasedFor=null, purchased=1, bought=1, id=1
[ShoppingItemDao] POST-UPDATE check id=1 -> p=1
[DatabaseManager] Connection closed
[INFO] Tests run: 5, Failures: 0, Errors: 0, Skipped: 0, Time elapsed: 0.053 s -- in com.flatmanager.dao.ShoppingItemDaoTest
[INFO] Running com.flatmanager.model.ShoppingItemTest
[INFO] Tests run: 3, Failures: 0, Errors: 0, Skipped: 0, Time elapsed: 0.003 s -- in com.flatmanager.model.ShoppingItemTest
[INFO] Running com.flatmanager.model.CleaningTaskTest
[INFO] Tests run: 2, Failures: 0, Errors: 0, Skipped: 0, Time elapsed: 0.003 s -- in com.flatmanager.model.CleaningTaskTest
[INFO] 
[INFO] Results:
[INFO] 
[INFO] Tests run: 15, Failures: 0, Errors: 0, Skipped: 0
[INFO] 
[INFO] 
[INFO] --- jacoco:0.8.10:report (report) @ flat-manager ---
[INFO] Loading execution data file /Users/I740819/Documents/GitHub/softwareengineering_gruppe3/target/jacoco.exec
[INFO] Analyzed bundle 'Flat Manager' with 30 classes
[INFO] ------------------------------------------------------------------------
[INFO] BUILD SUCCESS
[INFO] ------------------------------------------------------------------------
[INFO] Total time:  4.282 s
[INFO] Finished at: 2025-12-25T00:32:11+01:00
[INFO] ------------------------------------------------------------------------
